<?xml version="1.0" encoding="UTF-8"?>
<testsuites name="jest tests" tests="2" failures="0" errors="0" time="7.341">
  <testsuite name="Prueba de la clase ItemPedido" errors="0" failures="0" skipped="0" timestamp="2026-09-17T15:06:16" time="7.038" tests="2">
    <testcase classname="Prueba de la clase ItemPedido Debe ser instancia de la clase Pedido Debe ser instancia de la clase Pedido" name="Prueba de la clase ItemPedido Debe ser instancia de la clase Pedido Debe ser instancia de la clase Pedido" time="0.004">
    </testcase>
    <testcase classname="Prueba de la clase ItemPedido Debe guardar y devolver el nombre de la instancia Debe guardar y devolver el nombre de la instancia" name="Prueba de la clase ItemPedido Debe guardar y devolver el nombre de la instancia Debe guardar y devolver el nombre de la instancia" time="0.002">
    </testcase>
  </testsuite>
</testsuites>