TN:
SF:src\itemPedido.ts
FN:5,<instance_members_initializer>
FN:11,ItemPedido
FN:19,setNombre
FN:23,setPrecio
FN:27,setCantidad
FN:31,setEstado
FN:35,setCategoria
FN:39,getNombre
FN:42,getPrecio
FN:46,getCantidad
FN:49,getEstado
FN:52,getCategoria
FNF:12
FNH:4
FNDA:2,<instance_members_initializer>
FNDA:2,ItemPedido
FNDA:1,setNombre
FNDA:0,setPrecio
FNDA:0,setCantidad
FNDA:0,setEstado
FNDA:0,setCategoria
FNDA:1,getNombre
FNDA:0,getPrecio
FNDA:0,getCantidad
FNDA:0,getEstado
FNDA:0,getCategoria
DA:1,1
DA:2,1
DA:3,1
DA:4,1
DA:5,1
DA:6,2
DA:7,2
DA:8,2
DA:9,1
DA:10,1
DA:11,1
DA:12,2
DA:13,2
DA:14,2
DA:15,2
DA:16,2
DA:17,2
DA:18,1
DA:19,1
DA:20,1
DA:21,1
DA:22,1
DA:23,1
DA:24,0
DA:25,0
DA:26,1
DA:27,1
DA:28,0
DA:29,0
DA:30,1
DA:31,1
DA:32,0
DA:33,0
DA:34,1
DA:35,1
DA:36,0
DA:37,0
DA:38,1
DA:39,1
DA:40,1
DA:41,1
DA:42,1
DA:43,0
DA:44,0
DA:45,0
DA:46,1
DA:47,0
DA:48,0
DA:49,1
DA:50,0
DA:51,0
DA:52,1
DA:53,0
DA:54,0
DA:55,1
LF:55
LH:38
BRDA:5,0,0,2
BRDA:11,1,0,2
BRDA:19,2,0,1
BRDA:39,3,0,1
BRF:4
BRH:4
end_of_record
